<?xml version="1.0" encoding="UTF-8"?>
<!-- Generated by org.testng.reporters.JUnitReportReporter -->
<testsuite hostname="DESKTOP-BM22CQR" failures="0" tests="1" name="com.mariners.test.MarinersTest" time="37.758" errors="0" timestamp="2023-10-20T14:33:26 IST" skipped="0">
  <testcase classname="com.mariners.test.MarinersTest" name="test" time="37.758"/>
</testsuite> <!-- com.mariners.test.MarinersTest -->
